<?xml version="1.0" encoding="UTF-8"?>
<!-- Generated by org.testng.reporters.JUnitXMLReporter -->
<testsuite ignored="0" hostname="LAPTOP-HE64N1ED" failures="0" tests="2" name="Automated Test Script" time="1.426" errors="0" timestamp="08 2月 2025 02:18:12 GMT">
  <testcase classname="com.get.automation.tests.ktests.KmokeTest" name="getProject" time="0.0"/>
  <testcase classname="com.get.automation.tests.ktests.KmokeTest" name="usePlanTool" time="0.523"/>
</testsuite> <!-- Automated Test Script -->
