<?xml version="1.0" encoding="UTF-8"?>
<testng-results ignored="0" total="2" passed="2" failed="0" skipped="0">
  <reporter-output>
  </reporter-output>
  <suite started-at="2025-02-08T02:18:10Z" name="Default Suite" finished-at="2025-02-08T02:18:12Z" duration-ms="1426">
    <groups>
    </groups>
    <test started-at="2025-02-08T02:18:10Z" name="Automated Test Script" finished-at="2025-02-08T02:18:12Z" duration-ms="1426">
      <class name="com.get.automation.tests.ktests.KmokeTest">
        <test-method is-config="true" signature="klogin()[pri:0, instance:com.get.automation.tests.ktests.KmokeTest@3a4ba480]" started-at="2025-02-08T02:18:10Z" name="klogin" finished-at="2025-02-08T02:18:11Z" duration-ms="880" status="PASS">
          <reporter-output>
          </reporter-output>
        </test-method> <!-- klogin -->
        <test-method signature="usePlanTool()[pri:0, instance:com.get.automation.tests.ktests.KmokeTest@3a4ba480]" started-at="2025-02-08T02:18:11Z" name="usePlanTool" finished-at="2025-02-08T02:18:12Z" duration-ms="523" status="PASS">
          <reporter-output>
          </reporter-output>
        </test-method> <!-- usePlanTool -->
        <test-method signature="getProject()[pri:0, instance:com.get.automation.tests.ktests.KmokeTest@3a4ba480]" started-at="2025-02-08T02:18:11Z" name="getProject" finished-at="2025-02-08T02:18:11Z" duration-ms="0" status="PASS">
          <reporter-output>
          </reporter-output>
        </test-method> <!-- getProject -->
      </class> <!-- com.get.automation.tests.ktests.KmokeTest -->
    </test> <!-- Automated Test Script -->
  </suite> <!-- Default Suite -->
</testng-results>
