<?xml version="1.0" encoding="UTF-8"?>
<!-- Generated by org.testng.reporters.JUnitReportReporter -->
<testsuite hostname="LAPTOP-HE64N1ED" failures="0" tests="2" name="com.get.automation.tests.ktests.KmokeTest" time="0.523" errors="0" timestamp="08 2月 2025 02:18:12 GMT" skipped="0">
  <testcase classname="com.get.automation.tests.ktests.KmokeTest" name="usePlanTool" time="0.523"/>
  <testcase classname="com.get.automation.tests.ktests.KmokeTest" name="getProject" time="0.000"/>
</testsuite> <!-- com.get.automation.tests.ktests.KmokeTest -->
